[2023-07-16T20:23:13.349Z] [INFO] [MerchantConfig550773672] : "************************ LOGGING START ************************"
[2023-07-16T20:23:13.356Z] [INFO] [ApiClient428039142] : "Authentication Type : http_signature"
[2023-07-16T20:23:13.357Z] [INFO] [ApiClient428039142] : "Request Type : POST"
[2023-07-16T20:23:13.358Z] [INFO] [ApiClient428039142] : "signatureHeader : keyid=\"d2936e41-3eac-48fe-8822-bf057f2ee98e\", algorithm=\"HmacSHA256\", headers=\"host date (request-target) digest v-c-merchant-id\", signature=\"HuFYVXrmLwODYZsS8UKohc2gCjxMsuilXimNL86FCIo=\""
[2023-07-16T20:23:13.358Z] [INFO] [ApiClient428039142] : "digest : SHA-256=crRCADvha2kiQwjLsNvQVnZ47lN8XTov2fnIOqsSGU8="
[2023-07-16T20:23:13.358Z] [INFO] [ApiClient428039142] : "v-c-merchant-id : tc_ni_001504067"
[2023-07-16T20:23:13.358Z] [INFO] [ApiClient428039142] : "date : Sun, 16 Jul 2023 20:23:13 GMT"
[2023-07-16T20:23:13.358Z] [INFO] [ApiClient428039142] : "host : apitest.cybersource.com"
[2023-07-16T20:23:13.358Z] [INFO] [ApiClient428039142] : "signature : keyid=\"d2936e41-3eac-48fe-8822-bf057f2ee98e\", algorithm=\"HmacSHA256\", headers=\"host date (request-target) digest v-c-merchant-id\", signature=\"HuFYVXrmLwODYZsS8UKohc2gCjxMsuilXimNL86FCIo=\""
[2023-07-16T20:23:13.358Z] [INFO] [ApiClient428039142] : "User-Agent : Mozilla/5.0"
[2023-07-16T20:23:13.358Z] [INFO] [ApiClient428039142] : "************************  LOGGING END  ************************"
[2023-07-16T20:24:01.505Z] [INFO] [MerchantConfig765258764] : "************************ LOGGING START ************************"
[2023-07-16T20:24:01.514Z] [INFO] [ApiClient88347235] : "Authentication Type : http_signature"
[2023-07-16T20:24:01.514Z] [INFO] [ApiClient88347235] : "Request Type : POST"
[2023-07-16T20:24:01.515Z] [INFO] [ApiClient88347235] : "signatureHeader : keyid=\"d2936e41-3eac-48fe-8822-bf057f2ee98e\", algorithm=\"HmacSHA256\", headers=\"host date (request-target) digest v-c-merchant-id\", signature=\"0yMFbl8Rs32JIs4Q+BtH5eAd4iBv5PZwuOj4lBHX32k=\""
[2023-07-16T20:24:01.515Z] [INFO] [ApiClient88347235] : "digest : SHA-256=crRCADvha2kiQwjLsNvQVnZ47lN8XTov2fnIOqsSGU8="
[2023-07-16T20:24:01.515Z] [INFO] [ApiClient88347235] : "v-c-merchant-id : tc_ni_001504067"
[2023-07-16T20:24:01.515Z] [INFO] [ApiClient88347235] : "date : Sun, 16 Jul 2023 20:24:01 GMT"
[2023-07-16T20:24:01.516Z] [INFO] [ApiClient88347235] : "host : apitest.cybersource.com"
[2023-07-16T20:24:01.516Z] [INFO] [ApiClient88347235] : "signature : keyid=\"d2936e41-3eac-48fe-8822-bf057f2ee98e\", algorithm=\"HmacSHA256\", headers=\"host date (request-target) digest v-c-merchant-id\", signature=\"0yMFbl8Rs32JIs4Q+BtH5eAd4iBv5PZwuOj4lBHX32k=\""
[2023-07-16T20:24:01.516Z] [INFO] [ApiClient88347235] : "User-Agent : Mozilla/5.0"
[2023-07-16T20:24:01.516Z] [INFO] [ApiClient88347235] : "************************  LOGGING END  ************************"
[2023-07-16T20:24:31.721Z] [INFO] [MerchantConfig926050642] : "************************ LOGGING START ************************"
[2023-07-16T20:24:31.724Z] [INFO] [ApiClient859459856] : "Authentication Type : http_signature"
[2023-07-16T20:24:31.725Z] [INFO] [ApiClient859459856] : "Request Type : POST"
[2023-07-16T20:24:31.726Z] [INFO] [ApiClient859459856] : "signatureHeader : keyid=\"d2936e41-3eac-48fe-8822-bf057f2ee98e\", algorithm=\"HmacSHA256\", headers=\"host date (request-target) digest v-c-merchant-id\", signature=\"VR179WF+j3413p01JBXCv0VGZil1eZR1ngn8tEzeD0o=\""
[2023-07-16T20:24:31.726Z] [INFO] [ApiClient859459856] : "digest : SHA-256=crRCADvha2kiQwjLsNvQVnZ47lN8XTov2fnIOqsSGU8="
[2023-07-16T20:24:31.726Z] [INFO] [ApiClient859459856] : "v-c-merchant-id : tc_ni_001504067"
[2023-07-16T20:24:31.726Z] [INFO] [ApiClient859459856] : "date : Sun, 16 Jul 2023 20:24:31 GMT"
[2023-07-16T20:24:31.726Z] [INFO] [ApiClient859459856] : "host : apitest.cybersource.com"
[2023-07-16T20:24:31.726Z] [INFO] [ApiClient859459856] : "signature : keyid=\"d2936e41-3eac-48fe-8822-bf057f2ee98e\", algorithm=\"HmacSHA256\", headers=\"host date (request-target) digest v-c-merchant-id\", signature=\"VR179WF+j3413p01JBXCv0VGZil1eZR1ngn8tEzeD0o=\""
[2023-07-16T20:24:31.726Z] [INFO] [ApiClient859459856] : "User-Agent : Mozilla/5.0"
[2023-07-16T20:24:31.726Z] [INFO] [ApiClient859459856] : "************************  LOGGING END  ************************"
[2023-07-16T20:42:34.215Z] [INFO] [MerchantConfig265684488] : "************************ LOGGING START ************************"
[2023-07-16T20:42:34.219Z] [INFO] [ApiClient265068076] : "Authentication Type : http_signature"
[2023-07-16T20:42:34.219Z] [INFO] [ApiClient265068076] : "Request Type : POST"
[2023-07-16T20:42:34.220Z] [INFO] [ApiClient265068076] : "signatureHeader : keyid=\"d2936e41-3eac-48fe-8822-bf057f2ee98e\", algorithm=\"HmacSHA256\", headers=\"host date (request-target) digest v-c-merchant-id\", signature=\"XFCrF/PDQ3euLALUMqDQ/tFrAhhWn3dzvxO6Ce0TThc=\""
[2023-07-16T20:42:34.220Z] [INFO] [ApiClient265068076] : "digest : SHA-256=crRCADvha2kiQwjLsNvQVnZ47lN8XTov2fnIOqsSGU8="
[2023-07-16T20:42:34.220Z] [INFO] [ApiClient265068076] : "v-c-merchant-id : tc_ni_001504067"
[2023-07-16T20:42:34.220Z] [INFO] [ApiClient265068076] : "date : Sun, 16 Jul 2023 20:42:34 GMT"
[2023-07-16T20:42:34.220Z] [INFO] [ApiClient265068076] : "host : apitest.cybersource.com"
[2023-07-16T20:42:34.220Z] [INFO] [ApiClient265068076] : "signature : keyid=\"d2936e41-3eac-48fe-8822-bf057f2ee98e\", algorithm=\"HmacSHA256\", headers=\"host date (request-target) digest v-c-merchant-id\", signature=\"XFCrF/PDQ3euLALUMqDQ/tFrAhhWn3dzvxO6Ce0TThc=\""
[2023-07-16T20:42:34.221Z] [INFO] [ApiClient265068076] : "User-Agent : Mozilla/5.0"
[2023-07-16T20:42:34.221Z] [INFO] [ApiClient265068076] : "************************  LOGGING END  ************************"
[2023-07-16T20:58:38.736Z] [INFO] [MerchantConfig147187861] : "************************ LOGGING START ************************"
[2023-07-16T20:58:38.740Z] [INFO] [ApiClient732222802] : "Authentication Type : http_signature"
[2023-07-16T20:58:38.741Z] [INFO] [ApiClient732222802] : "Request Type : POST"
[2023-07-16T20:58:38.741Z] [INFO] [ApiClient732222802] : "signatureHeader : keyid=\"d2936e41-3eac-48fe-8822-bf057f2ee98e\", algorithm=\"HmacSHA256\", headers=\"host date (request-target) digest v-c-merchant-id\", signature=\"7E3WB6ITXFTxaaZa4C10C5KtJxOd+NTBh3f/Fvl1yGU=\""
[2023-07-16T20:58:38.742Z] [INFO] [ApiClient732222802] : "digest : SHA-256=crRCADvha2kiQwjLsNvQVnZ47lN8XTov2fnIOqsSGU8="
[2023-07-16T20:58:38.742Z] [INFO] [ApiClient732222802] : "v-c-merchant-id : tc_ni_001504067"
[2023-07-16T20:58:38.742Z] [INFO] [ApiClient732222802] : "date : Sun, 16 Jul 2023 20:58:38 GMT"
[2023-07-16T20:58:38.742Z] [INFO] [ApiClient732222802] : "host : apitest.cybersource.com"
[2023-07-16T20:58:38.742Z] [INFO] [ApiClient732222802] : "signature : keyid=\"d2936e41-3eac-48fe-8822-bf057f2ee98e\", algorithm=\"HmacSHA256\", headers=\"host date (request-target) digest v-c-merchant-id\", signature=\"7E3WB6ITXFTxaaZa4C10C5KtJxOd+NTBh3f/Fvl1yGU=\""
[2023-07-16T20:58:38.742Z] [INFO] [ApiClient732222802] : "User-Agent : Mozilla/5.0"
[2023-07-16T20:58:38.742Z] [INFO] [ApiClient732222802] : "************************  LOGGING END  ************************"
[2023-07-16T20:58:39.388Z] [INFO] [MerchantConfig750740717] : "************************ LOGGING START ************************"
[2023-07-16T20:58:39.389Z] [INFO] [ApiClient12786185] : "Authentication Type : http_signature"
[2023-07-16T20:58:39.389Z] [INFO] [ApiClient12786185] : "Request Type : POST"
[2023-07-16T20:58:39.390Z] [INFO] [ApiClient12786185] : "signatureHeader : keyid=\"d2936e41-3eac-48fe-8822-bf057f2ee98e\", algorithm=\"HmacSHA256\", headers=\"host date (request-target) digest v-c-merchant-id\", signature=\"0Ysf/A/vOI/A9EypznulPV8U+raSpp8KNx1BmNihUtg=\""
[2023-07-16T20:58:39.390Z] [INFO] [ApiClient12786185] : "digest : SHA-256=ORe5qsRBvJniYmBD0dEBNGDOMG6aaDER7MCVtaPSJy4="
[2023-07-16T20:58:39.390Z] [INFO] [ApiClient12786185] : "v-c-merchant-id : tc_ni_001504067"
[2023-07-16T20:58:39.390Z] [INFO] [ApiClient12786185] : "date : Sun, 16 Jul 2023 20:58:39 GMT"
[2023-07-16T20:58:39.390Z] [INFO] [ApiClient12786185] : "host : apitest.cybersource.com"
[2023-07-16T20:58:39.390Z] [INFO] [ApiClient12786185] : "signature : keyid=\"d2936e41-3eac-48fe-8822-bf057f2ee98e\", algorithm=\"HmacSHA256\", headers=\"host date (request-target) digest v-c-merchant-id\", signature=\"0Ysf/A/vOI/A9EypznulPV8U+raSpp8KNx1BmNihUtg=\""
[2023-07-16T20:58:39.390Z] [INFO] [ApiClient12786185] : "User-Agent : Mozilla/5.0"
[2023-07-16T20:58:39.390Z] [INFO] [ApiClient12786185] : "************************  LOGGING END  ************************"
[2023-07-16T21:12:09.547Z] [INFO] [MerchantConfig102316665] : "************************ LOGGING START ************************"
[2023-07-16T21:12:09.550Z] [INFO] [ApiClient472872370] : "Authentication Type : http_signature"
[2023-07-16T21:12:09.551Z] [INFO] [ApiClient472872370] : "Request Type : POST"
[2023-07-16T21:12:09.552Z] [INFO] [ApiClient472872370] : "signatureHeader : keyid=\"d2936e41-3eac-48fe-8822-bf057f2ee98e\", algorithm=\"HmacSHA256\", headers=\"host date (request-target) digest v-c-merchant-id\", signature=\"mktkxXYSo5f7YT6327n3h9k9zZq9dP2sD0Y6FilVrFI=\""
[2023-07-16T21:12:09.552Z] [INFO] [ApiClient472872370] : "digest : SHA-256=crRCADvha2kiQwjLsNvQVnZ47lN8XTov2fnIOqsSGU8="
[2023-07-16T21:12:09.552Z] [INFO] [ApiClient472872370] : "v-c-merchant-id : tc_ni_001504067"
[2023-07-16T21:12:09.552Z] [INFO] [ApiClient472872370] : "date : Sun, 16 Jul 2023 21:12:09 GMT"
[2023-07-16T21:12:09.552Z] [INFO] [ApiClient472872370] : "host : apitest.cybersource.com"
[2023-07-16T21:12:09.552Z] [INFO] [ApiClient472872370] : "signature : keyid=\"d2936e41-3eac-48fe-8822-bf057f2ee98e\", algorithm=\"HmacSHA256\", headers=\"host date (request-target) digest v-c-merchant-id\", signature=\"mktkxXYSo5f7YT6327n3h9k9zZq9dP2sD0Y6FilVrFI=\""
[2023-07-16T21:12:09.552Z] [INFO] [ApiClient472872370] : "User-Agent : Mozilla/5.0"
[2023-07-16T21:12:09.553Z] [INFO] [ApiClient472872370] : "************************  LOGGING END  ************************"
[2023-07-16T21:12:10.109Z] [INFO] [MerchantConfig392569368] : "************************ LOGGING START ************************"
[2023-07-16T21:12:10.112Z] [INFO] [ApiClient250676631] : "Authentication Type : http_signature"
[2023-07-16T21:12:10.112Z] [INFO] [ApiClient250676631] : "Request Type : POST"
[2023-07-16T21:12:10.112Z] [INFO] [ApiClient250676631] : "signatureHeader : keyid=\"d2936e41-3eac-48fe-8822-bf057f2ee98e\", algorithm=\"HmacSHA256\", headers=\"host date (request-target) digest v-c-merchant-id\", signature=\"iaz0soz9IzkPMwqmmeiq+1I87aTy/oYX2KqoYpSQ7X0=\""
[2023-07-16T21:12:10.113Z] [INFO] [ApiClient250676631] : "digest : SHA-256=Dy6pGZ+0fI2rp9ksrR5mQYNiy7b596AzEA7qF9vJntM="
[2023-07-16T21:12:10.113Z] [INFO] [ApiClient250676631] : "v-c-merchant-id : tc_ni_001504067"
[2023-07-16T21:12:10.113Z] [INFO] [ApiClient250676631] : "date : Sun, 16 Jul 2023 21:12:10 GMT"
[2023-07-16T21:12:10.114Z] [INFO] [ApiClient250676631] : "host : apitest.cybersource.com"
[2023-07-16T21:12:10.114Z] [INFO] [ApiClient250676631] : "signature : keyid=\"d2936e41-3eac-48fe-8822-bf057f2ee98e\", algorithm=\"HmacSHA256\", headers=\"host date (request-target) digest v-c-merchant-id\", signature=\"iaz0soz9IzkPMwqmmeiq+1I87aTy/oYX2KqoYpSQ7X0=\""
[2023-07-16T21:12:10.114Z] [INFO] [ApiClient250676631] : "User-Agent : Mozilla/5.0"
[2023-07-16T21:12:10.114Z] [INFO] [ApiClient250676631] : "************************  LOGGING END  ************************"
[2023-07-16T21:12:34.003Z] [INFO] [MerchantConfig350773602] : "************************ LOGGING START ************************"
[2023-07-16T21:12:34.007Z] [INFO] [ApiClient981222846] : "Authentication Type : http_signature"
[2023-07-16T21:12:34.007Z] [INFO] [ApiClient981222846] : "Request Type : POST"
[2023-07-16T21:12:34.008Z] [INFO] [ApiClient981222846] : "signatureHeader : keyid=\"d2936e41-3eac-48fe-8822-bf057f2ee98e\", algorithm=\"HmacSHA256\", headers=\"host date (request-target) digest v-c-merchant-id\", signature=\"UALqKLaNYII/Ac94PWBF4VINm1PAPo4IRuqQvPc85Kk=\""
[2023-07-16T21:12:34.008Z] [INFO] [ApiClient981222846] : "digest : SHA-256=crRCADvha2kiQwjLsNvQVnZ47lN8XTov2fnIOqsSGU8="
[2023-07-16T21:12:34.008Z] [INFO] [ApiClient981222846] : "v-c-merchant-id : tc_ni_001504067"
[2023-07-16T21:12:34.008Z] [INFO] [ApiClient981222846] : "date : Sun, 16 Jul 2023 21:12:34 GMT"
[2023-07-16T21:12:34.008Z] [INFO] [ApiClient981222846] : "host : apitest.cybersource.com"
[2023-07-16T21:12:34.009Z] [INFO] [ApiClient981222846] : "signature : keyid=\"d2936e41-3eac-48fe-8822-bf057f2ee98e\", algorithm=\"HmacSHA256\", headers=\"host date (request-target) digest v-c-merchant-id\", signature=\"UALqKLaNYII/Ac94PWBF4VINm1PAPo4IRuqQvPc85Kk=\""
[2023-07-16T21:12:34.009Z] [INFO] [ApiClient981222846] : "User-Agent : Mozilla/5.0"
[2023-07-16T21:12:34.009Z] [INFO] [ApiClient981222846] : "************************  LOGGING END  ************************"
[2023-07-16T21:12:34.566Z] [INFO] [MerchantConfig146852164] : "************************ LOGGING START ************************"
[2023-07-16T21:12:34.569Z] [INFO] [ApiClient510075780] : "Authentication Type : http_signature"
[2023-07-16T21:12:34.569Z] [INFO] [ApiClient510075780] : "Request Type : POST"
[2023-07-16T21:12:34.569Z] [INFO] [ApiClient510075780] : "signatureHeader : keyid=\"d2936e41-3eac-48fe-8822-bf057f2ee98e\", algorithm=\"HmacSHA256\", headers=\"host date (request-target) digest v-c-merchant-id\", signature=\"4v1HFxMDxn7V3zTXL9GEwCRG5U63esMnF5HvHz3213M=\""
[2023-07-16T21:12:34.570Z] [INFO] [ApiClient510075780] : "digest : SHA-256=ORe5qsRBvJniYmBD0dEBNGDOMG6aaDER7MCVtaPSJy4="
[2023-07-16T21:12:34.570Z] [INFO] [ApiClient510075780] : "v-c-merchant-id : tc_ni_001504067"
[2023-07-16T21:12:34.570Z] [INFO] [ApiClient510075780] : "date : Sun, 16 Jul 2023 21:12:34 GMT"
[2023-07-16T21:12:34.570Z] [INFO] [ApiClient510075780] : "host : apitest.cybersource.com"
[2023-07-16T21:12:34.570Z] [INFO] [ApiClient510075780] : "signature : keyid=\"d2936e41-3eac-48fe-8822-bf057f2ee98e\", algorithm=\"HmacSHA256\", headers=\"host date (request-target) digest v-c-merchant-id\", signature=\"4v1HFxMDxn7V3zTXL9GEwCRG5U63esMnF5HvHz3213M=\""
[2023-07-16T21:12:34.571Z] [INFO] [ApiClient510075780] : "User-Agent : Mozilla/5.0"
[2023-07-16T21:12:34.571Z] [INFO] [ApiClient510075780] : "************************  LOGGING END  ************************"
[2023-07-16T21:12:48.557Z] [INFO] [MerchantConfig351999489] : "************************ LOGGING START ************************"
[2023-07-16T21:12:48.560Z] [INFO] [ApiClient826340681] : "Authentication Type : http_signature"
[2023-07-16T21:12:48.561Z] [INFO] [ApiClient826340681] : "Request Type : POST"
[2023-07-16T21:12:48.562Z] [INFO] [ApiClient826340681] : "signatureHeader : keyid=\"d2936e41-3eac-48fe-8822-bf057f2ee98e\", algorithm=\"HmacSHA256\", headers=\"host date (request-target) digest v-c-merchant-id\", signature=\"wrwhCmA6iX2gnGNglohsgSYV1B2vKXpS1bYSsBDTw0A=\""
[2023-07-16T21:12:48.562Z] [INFO] [ApiClient826340681] : "digest : SHA-256=crRCADvha2kiQwjLsNvQVnZ47lN8XTov2fnIOqsSGU8="
[2023-07-16T21:12:48.562Z] [INFO] [ApiClient826340681] : "v-c-merchant-id : tc_ni_001504067"
[2023-07-16T21:12:48.562Z] [INFO] [ApiClient826340681] : "date : Sun, 16 Jul 2023 21:12:48 GMT"
[2023-07-16T21:12:48.562Z] [INFO] [ApiClient826340681] : "host : apitest.cybersource.com"
[2023-07-16T21:12:48.562Z] [INFO] [ApiClient826340681] : "signature : keyid=\"d2936e41-3eac-48fe-8822-bf057f2ee98e\", algorithm=\"HmacSHA256\", headers=\"host date (request-target) digest v-c-merchant-id\", signature=\"wrwhCmA6iX2gnGNglohsgSYV1B2vKXpS1bYSsBDTw0A=\""
[2023-07-16T21:12:48.562Z] [INFO] [ApiClient826340681] : "User-Agent : Mozilla/5.0"
[2023-07-16T21:12:48.562Z] [INFO] [ApiClient826340681] : "************************  LOGGING END  ************************"
[2023-07-16T21:12:49.092Z] [INFO] [MerchantConfig501703913] : "************************ LOGGING START ************************"
[2023-07-16T21:12:49.093Z] [INFO] [ApiClient450524877] : "Authentication Type : http_signature"
[2023-07-16T21:12:49.093Z] [INFO] [ApiClient450524877] : "Request Type : POST"
[2023-07-16T21:12:49.094Z] [INFO] [ApiClient450524877] : "signatureHeader : keyid=\"d2936e41-3eac-48fe-8822-bf057f2ee98e\", algorithm=\"HmacSHA256\", headers=\"host date (request-target) digest v-c-merchant-id\", signature=\"IwF/W5JmSvvz03sD//Du7mH74DZGZHpSLUWVzyi6Mow=\""
[2023-07-16T21:12:49.094Z] [INFO] [ApiClient450524877] : "digest : SHA-256=NsCm8UB6i1tJ3zSYhyMZhbGQ+GthaYuJW0E3/CdRVP8="
[2023-07-16T21:12:49.094Z] [INFO] [ApiClient450524877] : "v-c-merchant-id : tc_ni_001504067"
[2023-07-16T21:12:49.094Z] [INFO] [ApiClient450524877] : "date : Sun, 16 Jul 2023 21:12:49 GMT"
[2023-07-16T21:12:49.094Z] [INFO] [ApiClient450524877] : "host : apitest.cybersource.com"
[2023-07-16T21:12:49.094Z] [INFO] [ApiClient450524877] : "signature : keyid=\"d2936e41-3eac-48fe-8822-bf057f2ee98e\", algorithm=\"HmacSHA256\", headers=\"host date (request-target) digest v-c-merchant-id\", signature=\"IwF/W5JmSvvz03sD//Du7mH74DZGZHpSLUWVzyi6Mow=\""
[2023-07-16T21:12:49.094Z] [INFO] [ApiClient450524877] : "User-Agent : Mozilla/5.0"
[2023-07-16T21:12:49.094Z] [INFO] [ApiClient450524877] : "************************  LOGGING END  ************************"
[2023-07-16T21:13:07.864Z] [INFO] [MerchantConfig864430137] : "************************ LOGGING START ************************"
[2023-07-16T21:13:07.867Z] [INFO] [ApiClient488101528] : "Authentication Type : http_signature"
[2023-07-16T21:13:07.868Z] [INFO] [ApiClient488101528] : "Request Type : POST"
[2023-07-16T21:13:07.868Z] [INFO] [ApiClient488101528] : "signatureHeader : keyid=\"d2936e41-3eac-48fe-8822-bf057f2ee98e\", algorithm=\"HmacSHA256\", headers=\"host date (request-target) digest v-c-merchant-id\", signature=\"aWLfvynGWlxBboW2T1nQygw9PKV5StvqAlFCWq96Qlo=\""
[2023-07-16T21:13:07.869Z] [INFO] [ApiClient488101528] : "digest : SHA-256=crRCADvha2kiQwjLsNvQVnZ47lN8XTov2fnIOqsSGU8="
[2023-07-16T21:13:07.869Z] [INFO] [ApiClient488101528] : "v-c-merchant-id : tc_ni_001504067"
[2023-07-16T21:13:07.869Z] [INFO] [ApiClient488101528] : "date : Sun, 16 Jul 2023 21:13:07 GMT"
[2023-07-16T21:13:07.869Z] [INFO] [ApiClient488101528] : "host : apitest.cybersource.com"
[2023-07-16T21:13:07.869Z] [INFO] [ApiClient488101528] : "signature : keyid=\"d2936e41-3eac-48fe-8822-bf057f2ee98e\", algorithm=\"HmacSHA256\", headers=\"host date (request-target) digest v-c-merchant-id\", signature=\"aWLfvynGWlxBboW2T1nQygw9PKV5StvqAlFCWq96Qlo=\""
[2023-07-16T21:13:07.869Z] [INFO] [ApiClient488101528] : "User-Agent : Mozilla/5.0"
[2023-07-16T21:13:07.869Z] [INFO] [ApiClient488101528] : "************************  LOGGING END  ************************"
[2023-07-16T21:13:08.350Z] [INFO] [MerchantConfig727234762] : "************************ LOGGING START ************************"
[2023-07-16T21:13:08.351Z] [INFO] [ApiClient84839176] : "Authentication Type : http_signature"
[2023-07-16T21:13:08.351Z] [INFO] [ApiClient84839176] : "Request Type : POST"
[2023-07-16T21:13:08.352Z] [INFO] [ApiClient84839176] : "signatureHeader : keyid=\"d2936e41-3eac-48fe-8822-bf057f2ee98e\", algorithm=\"HmacSHA256\", headers=\"host date (request-target) digest v-c-merchant-id\", signature=\"gYiA11ULiRwSxiBZK2MUV20cGMvUiqeFnuONbPvPo8c=\""
[2023-07-16T21:13:08.352Z] [INFO] [ApiClient84839176] : "digest : SHA-256=ORe5qsRBvJniYmBD0dEBNGDOMG6aaDER7MCVtaPSJy4="
[2023-07-16T21:13:08.352Z] [INFO] [ApiClient84839176] : "v-c-merchant-id : tc_ni_001504067"
[2023-07-16T21:13:08.352Z] [INFO] [ApiClient84839176] : "date : Sun, 16 Jul 2023 21:13:08 GMT"
[2023-07-16T21:13:08.352Z] [INFO] [ApiClient84839176] : "host : apitest.cybersource.com"
[2023-07-16T21:13:08.352Z] [INFO] [ApiClient84839176] : "signature : keyid=\"d2936e41-3eac-48fe-8822-bf057f2ee98e\", algorithm=\"HmacSHA256\", headers=\"host date (request-target) digest v-c-merchant-id\", signature=\"gYiA11ULiRwSxiBZK2MUV20cGMvUiqeFnuONbPvPo8c=\""
[2023-07-16T21:13:08.352Z] [INFO] [ApiClient84839176] : "User-Agent : Mozilla/5.0"
[2023-07-16T21:13:08.352Z] [INFO] [ApiClient84839176] : "************************  LOGGING END  ************************"
[2023-07-16T21:13:43.406Z] [INFO] [MerchantConfig350775709] : "************************ LOGGING START ************************"
[2023-07-16T21:13:43.409Z] [INFO] [ApiClient383262381] : "Authentication Type : http_signature"
[2023-07-16T21:13:43.409Z] [INFO] [ApiClient383262381] : "Request Type : POST"
[2023-07-16T21:13:43.410Z] [INFO] [ApiClient383262381] : "signatureHeader : keyid=\"d2936e41-3eac-48fe-8822-bf057f2ee98e\", algorithm=\"HmacSHA256\", headers=\"host date (request-target) digest v-c-merchant-id\", signature=\"MfXR5UqQv9UXzian8HniLh2N/ENVJoAO3o7YndAJa30=\""
[2023-07-16T21:13:43.410Z] [INFO] [ApiClient383262381] : "digest : SHA-256=crRCADvha2kiQwjLsNvQVnZ47lN8XTov2fnIOqsSGU8="
[2023-07-16T21:13:43.410Z] [INFO] [ApiClient383262381] : "v-c-merchant-id : tc_ni_001504067"
[2023-07-16T21:13:43.410Z] [INFO] [ApiClient383262381] : "date : Sun, 16 Jul 2023 21:13:43 GMT"
[2023-07-16T21:13:43.410Z] [INFO] [ApiClient383262381] : "host : apitest.cybersource.com"
[2023-07-16T21:13:43.411Z] [INFO] [ApiClient383262381] : "signature : keyid=\"d2936e41-3eac-48fe-8822-bf057f2ee98e\", algorithm=\"HmacSHA256\", headers=\"host date (request-target) digest v-c-merchant-id\", signature=\"MfXR5UqQv9UXzian8HniLh2N/ENVJoAO3o7YndAJa30=\""
[2023-07-16T21:13:43.411Z] [INFO] [ApiClient383262381] : "User-Agent : Mozilla/5.0"
[2023-07-16T21:13:43.411Z] [INFO] [ApiClient383262381] : "************************  LOGGING END  ************************"
[2023-07-16T21:13:43.993Z] [INFO] [MerchantConfig290953402] : "************************ LOGGING START ************************"
[2023-07-16T21:13:43.995Z] [INFO] [ApiClient752348914] : "Authentication Type : http_signature"
[2023-07-16T21:13:43.996Z] [INFO] [ApiClient752348914] : "Request Type : POST"
[2023-07-16T21:13:43.996Z] [INFO] [ApiClient752348914] : "signatureHeader : keyid=\"d2936e41-3eac-48fe-8822-bf057f2ee98e\", algorithm=\"HmacSHA256\", headers=\"host date (request-target) digest v-c-merchant-id\", signature=\"S80ogwHfk4wWXcxUWvYP7IVOLBvT8OJC7Htpn7YnjyA=\""
[2023-07-16T21:13:43.996Z] [INFO] [ApiClient752348914] : "digest : SHA-256=ORe5qsRBvJniYmBD0dEBNGDOMG6aaDER7MCVtaPSJy4="
[2023-07-16T21:13:43.996Z] [INFO] [ApiClient752348914] : "v-c-merchant-id : tc_ni_001504067"
[2023-07-16T21:13:43.996Z] [INFO] [ApiClient752348914] : "date : Sun, 16 Jul 2023 21:13:43 GMT"
[2023-07-16T21:13:43.996Z] [INFO] [ApiClient752348914] : "host : apitest.cybersource.com"
[2023-07-16T21:13:43.996Z] [INFO] [ApiClient752348914] : "signature : keyid=\"d2936e41-3eac-48fe-8822-bf057f2ee98e\", algorithm=\"HmacSHA256\", headers=\"host date (request-target) digest v-c-merchant-id\", signature=\"S80ogwHfk4wWXcxUWvYP7IVOLBvT8OJC7Htpn7YnjyA=\""
[2023-07-16T21:13:43.997Z] [INFO] [ApiClient752348914] : "User-Agent : Mozilla/5.0"
[2023-07-16T21:13:43.997Z] [INFO] [ApiClient752348914] : "************************  LOGGING END  ************************"
[2023-07-16T21:43:10.739Z] [INFO] [MerchantConfig332371641] : "************************ LOGGING START ************************"
[2023-07-16T21:43:10.743Z] [INFO] [ApiClient502692820] : "Authentication Type : http_signature"
[2023-07-16T21:43:10.743Z] [INFO] [ApiClient502692820] : "Request Type : POST"
[2023-07-16T21:43:10.744Z] [INFO] [ApiClient502692820] : "signatureHeader : keyid=\"d2936e41-3eac-48fe-8822-bf057f2ee98e\", algorithm=\"HmacSHA256\", headers=\"host date (request-target) digest v-c-merchant-id\", signature=\"/vUwCy4AbDgUW2amJ8K+tYfR6fbpdqenPqXrx7HBHzk=\""
[2023-07-16T21:43:10.744Z] [INFO] [ApiClient502692820] : "digest : SHA-256=crRCADvha2kiQwjLsNvQVnZ47lN8XTov2fnIOqsSGU8="
[2023-07-16T21:43:10.744Z] [INFO] [ApiClient502692820] : "v-c-merchant-id : tc_ni_001504067"
[2023-07-16T21:43:10.744Z] [INFO] [ApiClient502692820] : "date : Sun, 16 Jul 2023 21:43:10 GMT"
[2023-07-16T21:43:10.745Z] [INFO] [ApiClient502692820] : "host : apitest.cybersource.com"
[2023-07-16T21:43:10.745Z] [INFO] [ApiClient502692820] : "signature : keyid=\"d2936e41-3eac-48fe-8822-bf057f2ee98e\", algorithm=\"HmacSHA256\", headers=\"host date (request-target) digest v-c-merchant-id\", signature=\"/vUwCy4AbDgUW2amJ8K+tYfR6fbpdqenPqXrx7HBHzk=\""
[2023-07-16T21:43:10.745Z] [INFO] [ApiClient502692820] : "User-Agent : Mozilla/5.0"
[2023-07-16T21:43:10.745Z] [INFO] [ApiClient502692820] : "************************  LOGGING END  ************************"
[2023-07-16T21:43:11.513Z] [INFO] [MerchantConfig191022107] : "************************ LOGGING START ************************"
[2023-07-16T21:43:11.515Z] [INFO] [ApiClient749400291] : "Authentication Type : http_signature"
[2023-07-16T21:43:11.515Z] [INFO] [ApiClient749400291] : "Request Type : POST"
[2023-07-16T21:43:11.515Z] [INFO] [ApiClient749400291] : "signatureHeader : keyid=\"d2936e41-3eac-48fe-8822-bf057f2ee98e\", algorithm=\"HmacSHA256\", headers=\"host date (request-target) digest v-c-merchant-id\", signature=\"45dePwPZXY3KyTozzs1oYG7djeK2j1tnVAPleefPVpg=\""
[2023-07-16T21:43:11.515Z] [INFO] [ApiClient749400291] : "digest : SHA-256=ORe5qsRBvJniYmBD0dEBNGDOMG6aaDER7MCVtaPSJy4="
[2023-07-16T21:43:11.515Z] [INFO] [ApiClient749400291] : "v-c-merchant-id : tc_ni_001504067"
[2023-07-16T21:43:11.515Z] [INFO] [ApiClient749400291] : "date : Sun, 16 Jul 2023 21:43:11 GMT"
[2023-07-16T21:43:11.515Z] [INFO] [ApiClient749400291] : "host : apitest.cybersource.com"
[2023-07-16T21:43:11.516Z] [INFO] [ApiClient749400291] : "signature : keyid=\"d2936e41-3eac-48fe-8822-bf057f2ee98e\", algorithm=\"HmacSHA256\", headers=\"host date (request-target) digest v-c-merchant-id\", signature=\"45dePwPZXY3KyTozzs1oYG7djeK2j1tnVAPleefPVpg=\""
[2023-07-16T21:43:11.516Z] [INFO] [ApiClient749400291] : "User-Agent : Mozilla/5.0"
[2023-07-16T21:43:11.516Z] [INFO] [ApiClient749400291] : "************************  LOGGING END  ************************"
[2023-07-16T22:46:28.087Z] [INFO] [MerchantConfig407728092] : "************************ LOGGING START ************************"
[2023-07-16T22:46:28.090Z] [INFO] [ApiClient142546327] : "Authentication Type : http_signature"
[2023-07-16T22:46:28.090Z] [INFO] [ApiClient142546327] : "Request Type : POST"
[2023-07-16T22:46:28.091Z] [INFO] [ApiClient142546327] : "signatureHeader : keyid=\"d2936e41-3eac-48fe-8822-bf057f2ee98e\", algorithm=\"HmacSHA256\", headers=\"host date (request-target) digest v-c-merchant-id\", signature=\"Pak3etXQ4niE2rs+a9VJAV5ZhCcSReb6ViVSz0sp9PY=\""
[2023-07-16T22:46:28.091Z] [INFO] [ApiClient142546327] : "digest : SHA-256=crRCADvha2kiQwjLsNvQVnZ47lN8XTov2fnIOqsSGU8="
[2023-07-16T22:46:28.092Z] [INFO] [ApiClient142546327] : "v-c-merchant-id : tc_ni_001504067"
[2023-07-16T22:46:28.092Z] [INFO] [ApiClient142546327] : "date : Sun, 16 Jul 2023 22:46:28 GMT"
[2023-07-16T22:46:28.092Z] [INFO] [ApiClient142546327] : "host : apitest.cybersource.com"
[2023-07-16T22:46:28.092Z] [INFO] [ApiClient142546327] : "signature : keyid=\"d2936e41-3eac-48fe-8822-bf057f2ee98e\", algorithm=\"HmacSHA256\", headers=\"host date (request-target) digest v-c-merchant-id\", signature=\"Pak3etXQ4niE2rs+a9VJAV5ZhCcSReb6ViVSz0sp9PY=\""
[2023-07-16T22:46:28.092Z] [INFO] [ApiClient142546327] : "User-Agent : Mozilla/5.0"
[2023-07-16T22:46:28.092Z] [INFO] [ApiClient142546327] : "************************  LOGGING END  ************************"
[2023-07-16T22:46:28.683Z] [INFO] [MerchantConfig206115739] : "************************ LOGGING START ************************"
[2023-07-16T22:46:28.685Z] [INFO] [ApiClient925977952] : "Authentication Type : http_signature"
[2023-07-16T22:46:28.685Z] [INFO] [ApiClient925977952] : "Request Type : POST"
[2023-07-16T22:46:28.685Z] [INFO] [ApiClient925977952] : "signatureHeader : keyid=\"d2936e41-3eac-48fe-8822-bf057f2ee98e\", algorithm=\"HmacSHA256\", headers=\"host date (request-target) digest v-c-merchant-id\", signature=\"N+//ypIXq93xlJoTt566lOKrzF0/kpKRGCrCOS9ijV4=\""
[2023-07-16T22:46:28.685Z] [INFO] [ApiClient925977952] : "digest : SHA-256=ORe5qsRBvJniYmBD0dEBNGDOMG6aaDER7MCVtaPSJy4="
[2023-07-16T22:46:28.685Z] [INFO] [ApiClient925977952] : "v-c-merchant-id : tc_ni_001504067"
[2023-07-16T22:46:28.685Z] [INFO] [ApiClient925977952] : "date : Sun, 16 Jul 2023 22:46:28 GMT"
[2023-07-16T22:46:28.685Z] [INFO] [ApiClient925977952] : "host : apitest.cybersource.com"
[2023-07-16T22:46:28.686Z] [INFO] [ApiClient925977952] : "signature : keyid=\"d2936e41-3eac-48fe-8822-bf057f2ee98e\", algorithm=\"HmacSHA256\", headers=\"host date (request-target) digest v-c-merchant-id\", signature=\"N+//ypIXq93xlJoTt566lOKrzF0/kpKRGCrCOS9ijV4=\""
[2023-07-16T22:46:28.686Z] [INFO] [ApiClient925977952] : "User-Agent : Mozilla/5.0"
[2023-07-16T22:46:28.686Z] [INFO] [ApiClient925977952] : "************************  LOGGING END  ************************"
[2023-07-16T22:50:18.826Z] [INFO] [MerchantConfig971440758] : "************************ LOGGING START ************************"
[2023-07-16T22:50:18.829Z] [INFO] [ApiClient941150762] : "Authentication Type : http_signature"
[2023-07-16T22:50:18.829Z] [INFO] [ApiClient941150762] : "Request Type : POST"
[2023-07-16T22:50:18.830Z] [INFO] [ApiClient941150762] : "signatureHeader : keyid=\"d2936e41-3eac-48fe-8822-bf057f2ee98e\", algorithm=\"HmacSHA256\", headers=\"host date (request-target) digest v-c-merchant-id\", signature=\"hDU8o4E52hOnccr4qsJuxjHfG89BTUksZgk45U6Ress=\""
[2023-07-16T22:50:18.830Z] [INFO] [ApiClient941150762] : "digest : SHA-256=crRCADvha2kiQwjLsNvQVnZ47lN8XTov2fnIOqsSGU8="
[2023-07-16T22:50:18.831Z] [INFO] [ApiClient941150762] : "v-c-merchant-id : tc_ni_001504067"
[2023-07-16T22:50:18.831Z] [INFO] [ApiClient941150762] : "date : Sun, 16 Jul 2023 22:50:18 GMT"
[2023-07-16T22:50:18.831Z] [INFO] [ApiClient941150762] : "host : apitest.cybersource.com"
[2023-07-16T22:50:18.831Z] [INFO] [ApiClient941150762] : "signature : keyid=\"d2936e41-3eac-48fe-8822-bf057f2ee98e\", algorithm=\"HmacSHA256\", headers=\"host date (request-target) digest v-c-merchant-id\", signature=\"hDU8o4E52hOnccr4qsJuxjHfG89BTUksZgk45U6Ress=\""
[2023-07-16T22:50:18.831Z] [INFO] [ApiClient941150762] : "User-Agent : Mozilla/5.0"
[2023-07-16T22:50:18.831Z] [INFO] [ApiClient941150762] : "************************  LOGGING END  ************************"
[2023-07-16T22:50:19.373Z] [INFO] [MerchantConfig334371915] : "************************ LOGGING START ************************"
[2023-07-16T22:50:19.374Z] [INFO] [ApiClient459404739] : "Authentication Type : http_signature"
[2023-07-16T22:50:19.374Z] [INFO] [ApiClient459404739] : "Request Type : POST"
[2023-07-16T22:50:19.374Z] [INFO] [ApiClient459404739] : "signatureHeader : keyid=\"d2936e41-3eac-48fe-8822-bf057f2ee98e\", algorithm=\"HmacSHA256\", headers=\"host date (request-target) digest v-c-merchant-id\", signature=\"QoBUt73avceT/YmbwtrxIO/R5UD8PAYwGFZe/ky6VL0=\""
[2023-07-16T22:50:19.374Z] [INFO] [ApiClient459404739] : "digest : SHA-256=ORe5qsRBvJniYmBD0dEBNGDOMG6aaDER7MCVtaPSJy4="
[2023-07-16T22:50:19.375Z] [INFO] [ApiClient459404739] : "v-c-merchant-id : tc_ni_001504067"
[2023-07-16T22:50:19.375Z] [INFO] [ApiClient459404739] : "date : Sun, 16 Jul 2023 22:50:19 GMT"
[2023-07-16T22:50:19.375Z] [INFO] [ApiClient459404739] : "host : apitest.cybersource.com"
[2023-07-16T22:50:19.375Z] [INFO] [ApiClient459404739] : "signature : keyid=\"d2936e41-3eac-48fe-8822-bf057f2ee98e\", algorithm=\"HmacSHA256\", headers=\"host date (request-target) digest v-c-merchant-id\", signature=\"QoBUt73avceT/YmbwtrxIO/R5UD8PAYwGFZe/ky6VL0=\""
[2023-07-16T22:50:19.375Z] [INFO] [ApiClient459404739] : "User-Agent : Mozilla/5.0"
[2023-07-16T22:50:19.375Z] [INFO] [ApiClient459404739] : "************************  LOGGING END  ************************"
[2023-07-16T22:53:28.003Z] [INFO] [MerchantConfig947023176] : "************************ LOGGING START ************************"
[2023-07-16T22:53:28.007Z] [INFO] [ApiClient602025382] : "Authentication Type : http_signature"
[2023-07-16T22:53:28.007Z] [INFO] [ApiClient602025382] : "Request Type : POST"
[2023-07-16T22:53:28.008Z] [INFO] [ApiClient602025382] : "signatureHeader : keyid=\"d2936e41-3eac-48fe-8822-bf057f2ee98e\", algorithm=\"HmacSHA256\", headers=\"host date (request-target) digest v-c-merchant-id\", signature=\"yzLAlNTEZZM2I4J3rfKXu8GbUlqGZ/L3n4P92ydobJw=\""
[2023-07-16T22:53:28.008Z] [INFO] [ApiClient602025382] : "digest : SHA-256=crRCADvha2kiQwjLsNvQVnZ47lN8XTov2fnIOqsSGU8="
[2023-07-16T22:53:28.008Z] [INFO] [ApiClient602025382] : "v-c-merchant-id : tc_ni_001504067"
[2023-07-16T22:53:28.008Z] [INFO] [ApiClient602025382] : "date : Sun, 16 Jul 2023 22:53:28 GMT"
[2023-07-16T22:53:28.009Z] [INFO] [ApiClient602025382] : "host : apitest.cybersource.com"
[2023-07-16T22:53:28.009Z] [INFO] [ApiClient602025382] : "signature : keyid=\"d2936e41-3eac-48fe-8822-bf057f2ee98e\", algorithm=\"HmacSHA256\", headers=\"host date (request-target) digest v-c-merchant-id\", signature=\"yzLAlNTEZZM2I4J3rfKXu8GbUlqGZ/L3n4P92ydobJw=\""
[2023-07-16T22:53:28.009Z] [INFO] [ApiClient602025382] : "User-Agent : Mozilla/5.0"
[2023-07-16T22:53:28.009Z] [INFO] [ApiClient602025382] : "************************  LOGGING END  ************************"
[2023-07-16T22:53:28.724Z] [INFO] [MerchantConfig33138655] : "************************ LOGGING START ************************"
[2023-07-16T22:53:28.726Z] [INFO] [ApiClient899696295] : "Authentication Type : http_signature"
[2023-07-16T22:53:28.726Z] [INFO] [ApiClient899696295] : "Request Type : POST"
[2023-07-16T22:53:28.726Z] [INFO] [ApiClient899696295] : "signatureHeader : keyid=\"d2936e41-3eac-48fe-8822-bf057f2ee98e\", algorithm=\"HmacSHA256\", headers=\"host date (request-target) digest v-c-merchant-id\", signature=\"XoXMrbWbc9cnO+4E+PIsz/2WA0sZ+g9bmhK/Qqkx3+k=\""
[2023-07-16T22:53:28.727Z] [INFO] [ApiClient899696295] : "digest : SHA-256=ORe5qsRBvJniYmBD0dEBNGDOMG6aaDER7MCVtaPSJy4="
[2023-07-16T22:53:28.727Z] [INFO] [ApiClient899696295] : "v-c-merchant-id : tc_ni_001504067"
[2023-07-16T22:53:28.727Z] [INFO] [ApiClient899696295] : "date : Sun, 16 Jul 2023 22:53:28 GMT"
[2023-07-16T22:53:28.727Z] [INFO] [ApiClient899696295] : "host : apitest.cybersource.com"
[2023-07-16T22:53:28.727Z] [INFO] [ApiClient899696295] : "signature : keyid=\"d2936e41-3eac-48fe-8822-bf057f2ee98e\", algorithm=\"HmacSHA256\", headers=\"host date (request-target) digest v-c-merchant-id\", signature=\"XoXMrbWbc9cnO+4E+PIsz/2WA0sZ+g9bmhK/Qqkx3+k=\""
[2023-07-16T22:53:28.727Z] [INFO] [ApiClient899696295] : "User-Agent : Mozilla/5.0"
[2023-07-16T22:53:28.727Z] [INFO] [ApiClient899696295] : "************************  LOGGING END  ************************"
[2023-07-16T22:53:29.321Z] [INFO] [MerchantConfig894422309] : "************************ LOGGING START ************************"
[2023-07-16T22:53:29.325Z] [INFO] [ApiClient630285973] : "Authentication Type : http_signature"
[2023-07-16T22:53:29.326Z] [INFO] [ApiClient630285973] : "Request Type : POST"
[2023-07-16T22:53:29.327Z] [INFO] [ApiClient630285973] : "signatureHeader : keyid=\"d2936e41-3eac-48fe-8822-bf057f2ee98e\", algorithm=\"HmacSHA256\", headers=\"host date (request-target) digest v-c-merchant-id\", signature=\"z2RkawJw6Iz/aEewHXfg/ISteN4EpqMBAvYUyJEqYVU=\""
[2023-07-16T22:53:29.327Z] [INFO] [ApiClient630285973] : "digest : SHA-256=cy75QYld7MYszYzW+B3XW8nUb2tboP0uP/vpafFE/ZA="
[2023-07-16T22:53:29.328Z] [INFO] [ApiClient630285973] : "v-c-merchant-id : tc_ni_001504067"
[2023-07-16T22:53:29.328Z] [INFO] [ApiClient630285973] : "date : Sun, 16 Jul 2023 22:53:29 GMT"
[2023-07-16T22:53:29.328Z] [INFO] [ApiClient630285973] : "host : apitest.cybersource.com"
[2023-07-16T22:53:29.329Z] [INFO] [ApiClient630285973] : "signature : keyid=\"d2936e41-3eac-48fe-8822-bf057f2ee98e\", algorithm=\"HmacSHA256\", headers=\"host date (request-target) digest v-c-merchant-id\", signature=\"z2RkawJw6Iz/aEewHXfg/ISteN4EpqMBAvYUyJEqYVU=\""
[2023-07-16T22:53:29.329Z] [INFO] [ApiClient630285973] : "User-Agent : Mozilla/5.0"
[2023-07-16T22:53:29.329Z] [INFO] [ApiClient630285973] : "************************  LOGGING END  ************************"
[2023-07-16T22:53:49.668Z] [INFO] [MerchantConfig617949207] : "************************ LOGGING START ************************"
[2023-07-16T22:53:49.672Z] [INFO] [ApiClient425070477] : "Authentication Type : http_signature"
[2023-07-16T22:53:49.672Z] [INFO] [ApiClient425070477] : "Request Type : POST"
[2023-07-16T22:53:49.673Z] [INFO] [ApiClient425070477] : "signatureHeader : keyid=\"d2936e41-3eac-48fe-8822-bf057f2ee98e\", algorithm=\"HmacSHA256\", headers=\"host date (request-target) digest v-c-merchant-id\", signature=\"MpTW9KlLuUvTjPFBxWW5xka6cfAgVLg4X6LTn2xIPrE=\""
[2023-07-16T22:53:49.673Z] [INFO] [ApiClient425070477] : "digest : SHA-256=crRCADvha2kiQwjLsNvQVnZ47lN8XTov2fnIOqsSGU8="
[2023-07-16T22:53:49.673Z] [INFO] [ApiClient425070477] : "v-c-merchant-id : tc_ni_001504067"
[2023-07-16T22:53:49.673Z] [INFO] [ApiClient425070477] : "date : Sun, 16 Jul 2023 22:53:49 GMT"
[2023-07-16T22:53:49.673Z] [INFO] [ApiClient425070477] : "host : apitest.cybersource.com"
[2023-07-16T22:53:49.673Z] [INFO] [ApiClient425070477] : "signature : keyid=\"d2936e41-3eac-48fe-8822-bf057f2ee98e\", algorithm=\"HmacSHA256\", headers=\"host date (request-target) digest v-c-merchant-id\", signature=\"MpTW9KlLuUvTjPFBxWW5xka6cfAgVLg4X6LTn2xIPrE=\""
[2023-07-16T22:53:49.673Z] [INFO] [ApiClient425070477] : "User-Agent : Mozilla/5.0"
[2023-07-16T22:53:49.674Z] [INFO] [ApiClient425070477] : "************************  LOGGING END  ************************"
[2023-07-16T22:53:50.328Z] [INFO] [MerchantConfig854735646] : "************************ LOGGING START ************************"
[2023-07-16T22:53:50.330Z] [INFO] [ApiClient492350365] : "Authentication Type : http_signature"
[2023-07-16T22:53:50.330Z] [INFO] [ApiClient492350365] : "Request Type : POST"
[2023-07-16T22:53:50.330Z] [INFO] [ApiClient492350365] : "signatureHeader : keyid=\"d2936e41-3eac-48fe-8822-bf057f2ee98e\", algorithm=\"HmacSHA256\", headers=\"host date (request-target) digest v-c-merchant-id\", signature=\"FYWU+AO8irZwZXt7J29hx+TUSS+JTfLHqndGlNuI2r4=\""
[2023-07-16T22:53:50.331Z] [INFO] [ApiClient492350365] : "digest : SHA-256=ORe5qsRBvJniYmBD0dEBNGDOMG6aaDER7MCVtaPSJy4="
[2023-07-16T22:53:50.331Z] [INFO] [ApiClient492350365] : "v-c-merchant-id : tc_ni_001504067"
[2023-07-16T22:53:50.331Z] [INFO] [ApiClient492350365] : "date : Sun, 16 Jul 2023 22:53:50 GMT"
[2023-07-16T22:53:50.331Z] [INFO] [ApiClient492350365] : "host : apitest.cybersource.com"
[2023-07-16T22:53:50.331Z] [INFO] [ApiClient492350365] : "signature : keyid=\"d2936e41-3eac-48fe-8822-bf057f2ee98e\", algorithm=\"HmacSHA256\", headers=\"host date (request-target) digest v-c-merchant-id\", signature=\"FYWU+AO8irZwZXt7J29hx+TUSS+JTfLHqndGlNuI2r4=\""
[2023-07-16T22:53:50.331Z] [INFO] [ApiClient492350365] : "User-Agent : Mozilla/5.0"
[2023-07-16T22:53:50.331Z] [INFO] [ApiClient492350365] : "************************  LOGGING END  ************************"
[2023-07-16T22:53:50.776Z] [INFO] [MerchantConfig857011154] : "************************ LOGGING START ************************"
[2023-07-16T22:53:50.777Z] [INFO] [ApiClient90622241] : "Authentication Type : http_signature"
[2023-07-16T22:53:50.777Z] [INFO] [ApiClient90622241] : "Request Type : POST"
[2023-07-16T22:53:50.777Z] [INFO] [ApiClient90622241] : "signatureHeader : keyid=\"d2936e41-3eac-48fe-8822-bf057f2ee98e\", algorithm=\"HmacSHA256\", headers=\"host date (request-target) digest v-c-merchant-id\", signature=\"hfGxoXu0Nch3E6TkIhN/1lhm+bGIM6vxsKD9MbVnxBw=\""
[2023-07-16T22:53:50.778Z] [INFO] [ApiClient90622241] : "digest : SHA-256=+6gvP4XZMYEoVaKuxoWAg8PA6vCqUDYuRm4CGTbCTDE="
[2023-07-16T22:53:50.778Z] [INFO] [ApiClient90622241] : "v-c-merchant-id : tc_ni_001504067"
[2023-07-16T22:53:50.778Z] [INFO] [ApiClient90622241] : "date : Sun, 16 Jul 2023 22:53:50 GMT"
[2023-07-16T22:53:50.778Z] [INFO] [ApiClient90622241] : "host : apitest.cybersource.com"
[2023-07-16T22:53:50.778Z] [INFO] [ApiClient90622241] : "signature : keyid=\"d2936e41-3eac-48fe-8822-bf057f2ee98e\", algorithm=\"HmacSHA256\", headers=\"host date (request-target) digest v-c-merchant-id\", signature=\"hfGxoXu0Nch3E6TkIhN/1lhm+bGIM6vxsKD9MbVnxBw=\""
[2023-07-16T22:53:50.778Z] [INFO] [ApiClient90622241] : "User-Agent : Mozilla/5.0"
[2023-07-16T22:53:50.778Z] [INFO] [ApiClient90622241] : "************************  LOGGING END  ************************"
[2023-07-17T03:25:18.701Z] [INFO] [MerchantConfig29435844] : "************************ LOGGING START ************************"
[2023-07-17T03:25:18.705Z] [INFO] [ApiClient541358988] : "Authentication Type : http_signature"
[2023-07-17T03:25:18.705Z] [INFO] [ApiClient541358988] : "Request Type : POST"
[2023-07-17T03:25:18.706Z] [INFO] [ApiClient541358988] : "signatureHeader : keyid=\"d2936e41-3eac-48fe-8822-bf057f2ee98e\", algorithm=\"HmacSHA256\", headers=\"host date (request-target) digest v-c-merchant-id\", signature=\"g0fEGUTabXkNTHW3UbJgHEzQ8FU/6l7cMw5UNBRoj5k=\""
[2023-07-17T03:25:18.706Z] [INFO] [ApiClient541358988] : "digest : SHA-256=crRCADvha2kiQwjLsNvQVnZ47lN8XTov2fnIOqsSGU8="
[2023-07-17T03:25:18.707Z] [INFO] [ApiClient541358988] : "v-c-merchant-id : tc_ni_001504067"
[2023-07-17T03:25:18.707Z] [INFO] [ApiClient541358988] : "date : Mon, 17 Jul 2023 03:25:18 GMT"
[2023-07-17T03:25:18.707Z] [INFO] [ApiClient541358988] : "host : apitest.cybersource.com"
[2023-07-17T03:25:18.707Z] [INFO] [ApiClient541358988] : "signature : keyid=\"d2936e41-3eac-48fe-8822-bf057f2ee98e\", algorithm=\"HmacSHA256\", headers=\"host date (request-target) digest v-c-merchant-id\", signature=\"g0fEGUTabXkNTHW3UbJgHEzQ8FU/6l7cMw5UNBRoj5k=\""
[2023-07-17T03:25:18.707Z] [INFO] [ApiClient541358988] : "User-Agent : Mozilla/5.0"
[2023-07-17T03:25:18.707Z] [INFO] [ApiClient541358988] : "************************  LOGGING END  ************************"
[2023-07-17T03:25:19.195Z] [INFO] [MerchantConfig611600446] : "************************ LOGGING START ************************"
[2023-07-17T03:25:19.196Z] [INFO] [ApiClient975822086] : "Authentication Type : http_signature"
[2023-07-17T03:25:19.196Z] [INFO] [ApiClient975822086] : "Request Type : POST"
[2023-07-17T03:25:19.197Z] [INFO] [ApiClient975822086] : "signatureHeader : keyid=\"d2936e41-3eac-48fe-8822-bf057f2ee98e\", algorithm=\"HmacSHA256\", headers=\"host date (request-target) digest v-c-merchant-id\", signature=\"1B7xgptrrGXaoMjlFkHYhY1bbW2zMo2YiqFLPopF90Q=\""
[2023-07-17T03:25:19.197Z] [INFO] [ApiClient975822086] : "digest : SHA-256=ORe5qsRBvJniYmBD0dEBNGDOMG6aaDER7MCVtaPSJy4="
[2023-07-17T03:25:19.197Z] [INFO] [ApiClient975822086] : "v-c-merchant-id : tc_ni_001504067"
[2023-07-17T03:25:19.197Z] [INFO] [ApiClient975822086] : "date : Mon, 17 Jul 2023 03:25:19 GMT"
[2023-07-17T03:25:19.197Z] [INFO] [ApiClient975822086] : "host : apitest.cybersource.com"
[2023-07-17T03:25:19.197Z] [INFO] [ApiClient975822086] : "signature : keyid=\"d2936e41-3eac-48fe-8822-bf057f2ee98e\", algorithm=\"HmacSHA256\", headers=\"host date (request-target) digest v-c-merchant-id\", signature=\"1B7xgptrrGXaoMjlFkHYhY1bbW2zMo2YiqFLPopF90Q=\""
[2023-07-17T03:25:19.197Z] [INFO] [ApiClient975822086] : "User-Agent : Mozilla/5.0"
[2023-07-17T03:25:19.197Z] [INFO] [ApiClient975822086] : "************************  LOGGING END  ************************"
[2023-07-17T03:25:19.626Z] [INFO] [ApiClient674457279] : "Authentication Type : http_signature"
[2023-07-17T03:25:19.626Z] [INFO] [ApiClient674457279] : "Request Type : POST"
[2023-07-17T03:25:19.626Z] [INFO] [ApiClient674457279] : "signatureHeader : keyid=\"d2936e41-3eac-48fe-8822-bf057f2ee98e\", algorithm=\"HmacSHA256\", headers=\"host date (request-target) digest v-c-merchant-id\", signature=\"aZblX5aOBauAJhzxUI6bqIcZiKwwDo0OVVokS3WA50s=\""
[2023-07-17T03:25:19.626Z] [INFO] [ApiClient674457279] : "digest : SHA-256=lrKvl6y7jzg33o4DjLHBAxo2g2YBhylg5EM+pTRJWtQ="
[2023-07-17T03:25:19.626Z] [INFO] [ApiClient674457279] : "v-c-merchant-id : tc_ni_001504067"
[2023-07-17T03:25:19.626Z] [INFO] [ApiClient674457279] : "date : Mon, 17 Jul 2023 03:25:19 GMT"
[2023-07-17T03:25:19.625Z] [INFO] [MerchantConfig129685163] : "************************ LOGGING START ************************"
[2023-07-17T03:25:19.626Z] [INFO] [ApiClient674457279] : "host : apitest.cybersource.com"
[2023-07-17T03:25:19.627Z] [INFO] [ApiClient674457279] : "signature : keyid=\"d2936e41-3eac-48fe-8822-bf057f2ee98e\", algorithm=\"HmacSHA256\", headers=\"host date (request-target) digest v-c-merchant-id\", signature=\"aZblX5aOBauAJhzxUI6bqIcZiKwwDo0OVVokS3WA50s=\""
[2023-07-17T03:25:19.627Z] [INFO] [ApiClient674457279] : "User-Agent : Mozilla/5.0"
[2023-07-17T03:25:19.627Z] [INFO] [ApiClient674457279] : "************************  LOGGING END  ************************"
